=========================================================
Scheduler report file
Generated by stratus_hls 19.12-s100  (91710.131054)
On:          Mon Apr 26 03:04:38 2021
Project Dir: /home/m109/m109061634/EE6470/hw/ee6470_hw5/Gaussian_Blur_splitted/stratus
Module:      GauFilter
HLS Config:  DPA
=========================================================
Scheduler report for : gen_prev_trig_reg                                                                          
----------------------------------------                                                                                            
                                                                                                                  
Op                    SID(BB;Clocked)  Pipeline Stage  IS     SRCLOC                                              
--                    ---------------  --------------  --     ------                                              
                                                                                                                  
o_result.m_req.gen_p  6 (5:FALSE)      --              FALSE  ../GauFilter.h,l:22,c:38                            
                                                                                                                  
o_result.m_req.gen_p  12 (11:FALSE)    --              FALSE  ../GauFilter.h,l:22,c:38                            
                                                                                                                  
o_result.m_req.gen_p  12 (11:FALSE)    --              FALSE  ../GauFilter.h,l:22,c:38                            
                                                                                                                  
                                                                                                                  
Scheduler report for : gen_active                                                                                 
---------------------------------                                                                                            
                                                                                                                  
Op                    SID(BB;Clocked)  Pipeline Stage  IS     SRCLOC                                              
--                    ---------------  --------------  --     ------                                              
                                                                                                                  
o_result.m_req.gen_a  4 (3:FALSE)      --              FALSE  ../GauFilter.h,l:22,c:38                            
                                                                                                                  
o_result.m_req.gen_a  4 (3:FALSE)      --              FALSE  ../GauFilter.h,l:22,c:38                            
                                                                                                                  
o_result.m_req.gen_a  4 (3:FALSE)      --              FALSE  ../GauFilter.h,l:22,c:38                            
                                                                                                                  
o_result.m_req.gen_a  4 (3:FALSE)      --              FALSE  ../GauFilter.h,l:22,c:38                            
                                                                                                                  
                                                                                                                  
Scheduler report for : gen_vld                                                                                    
------------------------------                                                                                            
                                                                                                                  
Op                    SID(BB;Clocked)  Pipeline Stage  IS     SRCLOC                                              
--                    ---------------  --------------  --     ------                                              
                                                                                                                  
o_result.gen_vld      4 (3:FALSE)      --              FALSE  ../GauFilter.h,l:22,c:38                            
                                                                                                                  
o_result.gen_vld      4 (3:FALSE)      --              FALSE  ../GauFilter.h,l:22,c:38                            
                                                                                                                  
o_result.gen_vld      4 (3:FALSE)      --              FALSE  ../GauFilter.h,l:22,c:38                            
                                                                                                                  
o_result.gen_vld      4 (3:FALSE)      --              FALSE  ../GauFilter.h,l:22,c:38                            
                                                                                                                  
                                                                                                                  
Scheduler report for : gen_next_trig_reg                                                                          
----------------------------------------                                                                                            
                                                                                                                  
Op                    SID(BB;Clocked)  Pipeline Stage  IS     SRCLOC                                              
--                    ---------------  --------------  --     ------                                              
                                                                                                                  
o_result.m_req.gen_n  3 (2:TRUE)       --              FALSE  ../GauFilter.h,l:22,c:38                            
                                                                                                                  
o_result.m_req.gen_n  3 (2:TRUE)       --              FALSE  ../GauFilter.h,l:22,c:38                            
                                                                                                                  
o_result.m_req.gen_n  3 (2:TRUE)       --              FALSE  ../GauFilter.h,l:22,c:38                            
                                                                                                                  
                                                                                                                  
Scheduler report for : gen_unvalidated_req_0                                                                      
--------------------------------------------                                                                                            
                                                                                                                  
Op                    SID(BB;Clocked)  Pipeline Stage  IS     SRCLOC                                              
--                    ---------------  --------------  --     ------                                              
                                                                                                                  
i_r.gen_unvalidated_  8 (7:FALSE)      --              FALSE  ../GauFilter.h,l:19,c:36                            
                                                                                                                  
i_r                   10 (9:FALSE)     --              FALSE  ../GauFilter.h,l:19,c:36                            
                                                                                                                  
i_r.gen_unvalidated_  11 (10:TRUE)     --              FALSE  ../GauFilter.h,l:19,c:36                            
                                                                                                                  
i_r.gen_unvalidated_  14 (13:FALSE)    --              FALSE  ../GauFilter.h,l:19,c:36                            
                                                                                                                  
i_r.gen_unvalidated_  14 (13:FALSE)    --              FALSE  ../GauFilter.h,l:19,c:36                            
                                                                                                                  
i_r.gen_unvalidated_  14 (13:FALSE)    --              FALSE  ../GauFilter.h,l:19,c:36                            
                                                                                                                  
i_r.gen_unvalidated_  14 (13:FALSE)    --              FALSE  ../GauFilter.h,l:19,c:36                            
                                                                                                                  
                                                                                                                  
Scheduler report for : gen_do_stall_reg_full_0                                                                    
----------------------------------------------                                                                                            
                                                                                                                  
Op                    SID(BB;Clocked)  Pipeline Stage  IS     SRCLOC                                              
--                    ---------------  --------------  --     ------                                              
                                                                                                                  
i_r.gen_do_stall_reg  6 (5:FALSE)      --              FALSE  ../GauFilter.h,l:19,c:36                            
                                                                                                                  
i_r.gen_do_stall_reg  12 (11:FALSE)    --              FALSE  ../GauFilter.h,l:19,c:36                            
                                                                                                                  
i_r.gen_do_stall_reg  12 (11:FALSE)    --              FALSE  ../GauFilter.h,l:19,c:36                            
                                                                                                                  
i_r.gen_do_stall_reg  12 (11:FALSE)    --              FALSE  ../GauFilter.h,l:19,c:36                            
                                                                                                                  
i_r.gen_do_stall_reg  12 (11:FALSE)    --              FALSE  ../GauFilter.h,l:19,c:36                            
                                                                                                                  
                                                                                                                  
Scheduler report for : gen_do_reg_vld_0                                                                           
---------------------------------------                                                                                            
                                                                                                                  
Op                    SID(BB;Clocked)  Pipeline Stage  IS     SRCLOC                                              
--                    ---------------  --------------  --     ------                                              
                                                                                                                  
i_r.gen_do_reg_vld    8 (7:FALSE)      --              FALSE  ../GauFilter.h,l:19,c:36                            
                                                                                                                  
i_r                   10 (9:FALSE)     --              FALSE  ../GauFilter.h,l:19,c:36                            
                                                                                                                  
i_r.gen_do_reg_vld    11 (10:TRUE)     --              FALSE  ../GauFilter.h,l:19,c:36                            
                                                                                                                  
i_r.gen_do_reg_vld    14 (13:FALSE)    --              FALSE  ../GauFilter.h,l:19,c:36                            
                                                                                                                  
i_r.gen_do_reg_vld    14 (13:FALSE)    --              FALSE  ../GauFilter.h,l:19,c:36                            
                                                                                                                  
i_r.gen_do_reg_vld::  14 (13:FALSE)    --              FALSE  ../GauFilter.h,l:19,c:36                            
                                                                                                                  
i_r.gen_do_reg_vld    14 (13:FALSE)    --              FALSE  ../GauFilter.h,l:19,c:36                            
                                                                                                                  
                                                                                                                  
Scheduler report for : gen_unvalidated_req_1                                                                      
--------------------------------------------                                                                                            
                                                                                                                  
Op                    SID(BB;Clocked)  Pipeline Stage  IS     SRCLOC                                              
--                    ---------------  --------------  --     ------                                              
                                                                                                                  
i_g.gen_unvalidated_  8 (7:FALSE)      --              FALSE  ../GauFilter.h,l:20,c:36                            
                                                                                                                  
i_g                   10 (9:FALSE)     --              FALSE  ../GauFilter.h,l:20,c:36                            
                                                                                                                  
i_g.gen_unvalidated_  11 (10:TRUE)     --              FALSE  ../GauFilter.h,l:20,c:36                            
                                                                                                                  
i_g.gen_unvalidated_  14 (13:FALSE)    --              FALSE  ../GauFilter.h,l:20,c:36                            
                                                                                                                  
i_g.gen_unvalidated_  14 (13:FALSE)    --              FALSE  ../GauFilter.h,l:20,c:36                            
                                                                                                                  
i_g.gen_unvalidated_  14 (13:FALSE)    --              FALSE  ../GauFilter.h,l:20,c:36                            
                                                                                                                  
i_g.gen_unvalidated_  14 (13:FALSE)    --              FALSE  ../GauFilter.h,l:20,c:36                            
                                                                                                                  
                                                                                                                  
Scheduler report for : gen_do_stall_reg_full_1                                                                    
----------------------------------------------                                                                                            
                                                                                                                  
Op                    SID(BB;Clocked)  Pipeline Stage  IS     SRCLOC                                              
--                    ---------------  --------------  --     ------                                              
                                                                                                                  
i_g.gen_do_stall_reg  6 (5:FALSE)      --              FALSE  ../GauFilter.h,l:20,c:36                            
                                                                                                                  
i_g.gen_do_stall_reg  12 (11:FALSE)    --              FALSE  ../GauFilter.h,l:20,c:36                            
                                                                                                                  
i_g.gen_do_stall_reg  12 (11:FALSE)    --              FALSE  ../GauFilter.h,l:20,c:36                            
                                                                                                                  
i_g.gen_do_stall_reg  12 (11:FALSE)    --              FALSE  ../GauFilter.h,l:20,c:36                            
                                                                                                                  
i_g.gen_do_stall_reg  12 (11:FALSE)    --              FALSE  ../GauFilter.h,l:20,c:36                            
                                                                                                                  
                                                                                                                  
Scheduler report for : gen_do_reg_vld_1                                                                           
---------------------------------------                                                                                            
                                                                                                                  
Op                    SID(BB;Clocked)  Pipeline Stage  IS     SRCLOC                                              
--                    ---------------  --------------  --     ------                                              
                                                                                                                  
i_g.gen_do_reg_vld    8 (7:FALSE)      --              FALSE  ../GauFilter.h,l:20,c:36                            
                                                                                                                  
i_g                   10 (9:FALSE)     --              FALSE  ../GauFilter.h,l:20,c:36                            
                                                                                                                  
i_g.gen_do_reg_vld    11 (10:TRUE)     --              FALSE  ../GauFilter.h,l:20,c:36                            
                                                                                                                  
i_g.gen_do_reg_vld    14 (13:FALSE)    --              FALSE  ../GauFilter.h,l:20,c:36                            
                                                                                                                  
i_g.gen_do_reg_vld    14 (13:FALSE)    --              FALSE  ../GauFilter.h,l:20,c:36                            
                                                                                                                  
i_g.gen_do_reg_vld::  14 (13:FALSE)    --              FALSE  ../GauFilter.h,l:20,c:36                            
                                                                                                                  
i_g.gen_do_reg_vld    14 (13:FALSE)    --              FALSE  ../GauFilter.h,l:20,c:36                            
                                                                                                                  
                                                                                                                  
Scheduler report for : gen_unvalidated_req_2                                                                      
--------------------------------------------                                                                                            
                                                                                                                  
Op                    SID(BB;Clocked)  Pipeline Stage  IS     SRCLOC                                              
--                    ---------------  --------------  --     ------                                              
                                                                                                                  
i_b.gen_unvalidated_  8 (7:FALSE)      --              FALSE  ../GauFilter.h,l:21,c:36                            
                                                                                                                  
i_b                   10 (9:FALSE)     --              FALSE  ../GauFilter.h,l:21,c:36                            
                                                                                                                  
i_b.gen_unvalidated_  11 (10:TRUE)     --              FALSE  ../GauFilter.h,l:21,c:36                            
                                                                                                                  
i_b.gen_unvalidated_  14 (13:FALSE)    --              FALSE  ../GauFilter.h,l:21,c:36                            
                                                                                                                  
i_b.gen_unvalidated_  14 (13:FALSE)    --              FALSE  ../GauFilter.h,l:21,c:36                            
                                                                                                                  
i_b.gen_unvalidated_  14 (13:FALSE)    --              FALSE  ../GauFilter.h,l:21,c:36                            
                                                                                                                  
i_b.gen_unvalidated_  14 (13:FALSE)    --              FALSE  ../GauFilter.h,l:21,c:36                            
                                                                                                                  
                                                                                                                  
Scheduler report for : gen_do_stall_reg_full_2                                                                    
----------------------------------------------                                                                                            
                                                                                                                  
Op                    SID(BB;Clocked)  Pipeline Stage  IS     SRCLOC                                              
--                    ---------------  --------------  --     ------                                              
                                                                                                                  
i_b.gen_do_stall_reg  6 (5:FALSE)      --              FALSE  ../GauFilter.h,l:21,c:36                            
                                                                                                                  
i_b.gen_do_stall_reg  12 (11:FALSE)    --              FALSE  ../GauFilter.h,l:21,c:36                            
                                                                                                                  
i_b.gen_do_stall_reg  12 (11:FALSE)    --              FALSE  ../GauFilter.h,l:21,c:36                            
                                                                                                                  
i_b.gen_do_stall_reg  12 (11:FALSE)    --              FALSE  ../GauFilter.h,l:21,c:36                            
                                                                                                                  
i_b.gen_do_stall_reg  12 (11:FALSE)    --              FALSE  ../GauFilter.h,l:21,c:36                            
                                                                                                                  
                                                                                                                  
Scheduler report for : do_filter                                                                                  
--------------------------------                                                                                            
                                                                                                                  
Op                    SID(BB;Clocked)  Pipeline Stage  IS     SRCLOC                                              
--                    ---------------  --------------  --     ------                                              
                                                                                                                  
val[2]                1 (0:FALSE)      --              FALSE  ../GauFilter.h,l:36,c:22 -> i:2                     
                                                                                                                  
val[1]                1 (0:FALSE)      --              FALSE  ../GauFilter.h,l:36,c:22 -> i:1                     
                                                                                                                  
val[0]                1 (0:FALSE)      --              FALSE  ../GauFilter.h,l:36,c:22 -> i:0                     
                                                                                                                  
i_r.m_busy_req_0.res  3 (2:FALSE)      --              FALSE  @(f:../GauFilter.h,l:19,c:36->f:/usr/cadtool/caden  
                                                                                                                  
i_r.m_stalling.reset  3 (2:FALSE)      --              FALSE  @(f:../GauFilter.h,l:19,c:36->f:/usr/cadtool/caden  
                                                                                                                  
i_g.m_busy_req_0.res  3 (2:FALSE)      --              FALSE  @(f:../GauFilter.h,l:20,c:36->f:/usr/cadtool/caden  
                                                                                                                  
i_g.m_stalling.reset  3 (2:FALSE)      --              FALSE  @(f:../GauFilter.h,l:20,c:36->f:/usr/cadtool/caden  
                                                                                                                  
i_b.m_busy_req_0.res  3 (2:FALSE)      --              FALSE  @(f:../GauFilter.h,l:21,c:36->f:/usr/cadtool/caden  
                                                                                                                  
i_b.m_stalling.reset  3 (2:FALSE)      --              FALSE  @(f:../GauFilter.h,l:21,c:36->f:/usr/cadtool/caden  
                                                                                                                  
o_result.m_req.m_tri  3 (2:FALSE)      --              FALSE  @(f:../GauFilter.h,l:22,c:38->f:/usr/cadtool/caden  
                                                                                                                  
val[2]                5 (4:FALSE)      --              FALSE  @(f:../GauFilter.h,l:36,c:22->i:2)                  
                                                                                                                  
val[1]                5 (4:FALSE)      --              FALSE  @(f:../GauFilter.h,l:36,c:22->i:1)                  
                                                                                                                  
val[0]                5 (4:FALSE)      --              FALSE  @(f:../GauFilter.h,l:36,c:22->i:0)                  
                                                                                                                  
mask                  5 (4:FALSE)      --              FALSE  ../GauFilter.cpp,l:32,c:25 -> l:47,c:2              
                                                                                                                  
i                     5 (4:FALSE)      --              FALSE  ../GauFilter.cpp,l:48,c:21 -> c:23                  
                                                                                                                  
v                     5 (4:FALSE)      --              FALSE  ../GauFilter.cpp,l:52,c:21 -> c:23                  
                                                                                                                  
val[2]                6 (5:FALSE)      --              FALSE  @(f:../GauFilter.h,l:36,c:22->i:2)                  
                                                                                                                  
val[1]                6 (5:FALSE)      --              FALSE  @(f:../GauFilter.h,l:36,c:22->i:1)                  
                                                                                                                  
val[0]                6 (5:FALSE)      --              FALSE  @(f:../GauFilter.h,l:36,c:22->i:0)                  
                                                                                                                  
i                     6 (5:FALSE)      --              FALSE  ../GauFilter.cpp,l:48,c:21 -> c:40                  
                                                                                                                  
                      6 (5:FALSE)      --              FALSE  f:../GauFilter.cpp,l:48,c:38                        
                                                                                                                  
f:../GauFilter.cpp,l  6 (5:FALSE)      --              FALSE  & c:29                                              
                                                                                                                  
                      6 (5:FALSE)      --              FALSE  f:../GauFilter.cpp,l:50,c:7                         
                                                                                                                  
                      6 (5:FALSE)      --              FALSE  f:../GauFilter.cpp,l:50,c:7                         
                                                                                                                  
                      6 (5:FALSE)      --              FALSE  f:../GauFilter.cpp,l:50,c:7                         
                                                                                                                  
f:../GauFilter.cpp,l  6 (5:FALSE)      --              FALSE  & c:7                                               
                                                                                                                  
f:../GauFilter.cpp,l  6 (5:FALSE)      --              FALSE  & c:7                                               
                                                                                                                  
f:../GauFilter.cpp,l  6 (5:FALSE)      --              FALSE  & c:7                                               
                                                                                                                  
u                     9 (8:FALSE)      --              FALSE  ../GauFilter.cpp,l:53,c:22 -> c:24                  
                                                                                                                  
val[2]                9 (8:FALSE)      --              FALSE  @(f:../GauFilter.h,l:36,c:22->i:2)                  
                                                                                                                  
val[1]                9 (8:FALSE)      --              FALSE  @(f:../GauFilter.h,l:36,c:22->i:1)                  
                                                                                                                  
val[0]                9 (8:FALSE)      --              FALSE  @(f:../GauFilter.h,l:36,c:22->i:0)                  
                                                                                                                  
v                     9 (8:FALSE)      --              FALSE  ../GauFilter.cpp,l:52,c:21 -> c:40                  
                                                                                                                  
mask                  9 (8:FALSE)      --              FALSE  ../GauFilter.cpp,l:32,c:25 -> l:52,c:3              
                                                                                                                  
val[2]                10 (9:FALSE)     --              FALSE  @(f:../GauFilter.h,l:36,c:22->i:2)                  
                                                                                                                  
val[1]                10 (9:FALSE)     --              FALSE  @(f:../GauFilter.h,l:36,c:22->i:1)                  
                                                                                                                  
val[0]                10 (9:FALSE)     --              FALSE  @(f:../GauFilter.h,l:36,c:22->i:0)                  
                                                                                                                  
u                     10 (9:FALSE)     --              FALSE  ../GauFilter.cpp,l:53,c:22 -> c:41                  
                                                                                                                  
mask                  10 (9:FALSE)     --              FALSE  ../GauFilter.cpp,l:32,c:25 -> l:53,c:4              
                                                                                                                  
i_r.m_busy_req_0.get  11 (10:FALSE)    --              FALSE  @(f:../GauFilter.h,l:19,c:36->f:/usr/cadtool/caden  
                                                                                                                  
i_r                   13 (12:TRUE)     --              FALSE  ../GauFilter.h,l:19,c:36                            
                                                                                                                  
do_filter::get        13 (12:TRUE)     --              FALSE  ../GauFilter.cpp,l:35,c:17 mapped                   
                                                                                                                  
                      13 (12:TRUE)     --              FALSE  f:../GauFilter.cpp,l:53,c:39                        
                                                                                                                  
                      13 (12:TRUE)     --              FALSE  f:../GauFilter.cpp,l:52,c:38                        
                                                                                                                  
i_r.m_busy_req_0.get  14 (13:FALSE)    --              FALSE  @(f:../GauFilter.h,l:19,c:36->f:/usr/cadtool/caden  
                                                                                                                  
i_r.data.get::nb_get  16 (15:FALSE)    --              FALSE  @(f:../GauFilter.h,l:19,c:36->f:/usr/cadtool/caden  
                                                                                                                  
i_g.m_busy_req_0.get  16 (15:FALSE)    --              FALSE  @(f:../GauFilter.h,l:20,c:36->f:/usr/cadtool/caden  
                                                                                                                  
i_g                   18 (17:TRUE)     --              FALSE  ../GauFilter.h,l:20,c:36                            
                                                                                                                  
do_filter::get        18 (17:TRUE)     --              FALSE  ../GauFilter.cpp,l:35,c:17 mapped                   
                                                                                                                  
i_g.m_busy_req_0.get  19 (18:FALSE)    --              FALSE  @(f:../GauFilter.h,l:20,c:36->f:/usr/cadtool/caden  
                                                                                                                  
i_g.data.get::nb_get  21 (20:FALSE)    --              FALSE  @(f:../GauFilter.h,l:20,c:36->f:/usr/cadtool/caden  
                                                                                                                  
i_b.m_busy_req_0.get  21 (20:FALSE)    --              FALSE  @(f:../GauFilter.h,l:21,c:36->f:/usr/cadtool/caden  
                                                                                                                  
i_b                   23 (22:TRUE)     --              FALSE  ../GauFilter.h,l:21,c:36                            
                                                                                                                  
do_filter::get        23 (22:TRUE)     --              FALSE  ../GauFilter.cpp,l:35,c:17 mapped                   
                                                                                                                  
i_b.m_busy_req_0.get  24 (23:FALSE)    --              FALSE  @(f:../GauFilter.h,l:21,c:36->f:/usr/cadtool/caden  
                                                                                                                  
i_b.data.get::nb_get  26 (25:FALSE)    --              FALSE  @(f:../GauFilter.h,l:21,c:36->f:/usr/cadtool/caden  
                                                                                                                  
i                     27 (26:TRUE)     --              FALSE  ../GauFilter.cpp,l:71,c:23 -> c:25                  
                                                                                                                  
mask                  27 (26:TRUE)     --              FALSE  ../GauFilter.cpp,l:32,c:25 -> l:73,c:32             
                                                                                                                  
val[2]                29 (28:FALSE)    --              FALSE  @(f:../GauFilter.h,l:36,c:22->i:2)                  
                                                                                                                  
val[1]                29 (28:FALSE)    --              FALSE  @(f:../GauFilter.h,l:36,c:22->i:1)                  
                                                                                                                  
val[0]                29 (28:FALSE)    --              FALSE  @(f:../GauFilter.h,l:36,c:22->i:0)                  
                                                                                                                  
i                     29 (28:FALSE)    --              FALSE  ../GauFilter.cpp,l:71,c:23 -> c:45                  
                                                                                                                  
mask                  29 (28:FALSE)    --              FALSE  ../GauFilter.cpp,l:32,c:25 -> l:73,c:32             
                                                                                                                  
                      29 (28:FALSE)    --              FALSE  f:../GauFilter.cpp,l:73,c:19                        
                                                                                                                  
                      30 (28:TRUE)     --              FALSE  f:../GauFilter.cpp,l:73,c:9                         
                                                                                                                  
                      30 (28:TRUE)     --              FALSE  f:../GauFilter.cpp,l:73,c:9                         
                                                                                                                  
                      30 (28:TRUE)     --              FALSE  f:../GauFilter.cpp,l:73,c:9                         
                                                                                                                  
                      30 (28:TRUE)     --              FALSE  f:../GauFilter.cpp,l:71,c:43                        
                                                                                                                  
                      30 (28:TRUE)     --              FALSE  f:../GauFilter.cpp,l:73,c:19                        
                                                                                                                  
                      30 (28:TRUE)     --              FALSE  f:../GauFilter.cpp,l:73,c:9                         
                                                                                                                  
mask                  30 (28:TRUE)     --              FALSE  ../GauFilter.cpp,l:32,c:25 -> l:73,c:32             
                                                                                                                  
                      30 (28:TRUE)     --              FALSE  f:../GauFilter.cpp,l:73,c:23                        
                                                                                                                  
operator+=            30 (28:TRUE)     --              FALSE  ../GauFilter.cpp,l:73,c:13                          
                                                                                                                  
                      30 (28:TRUE)     --              FALSE  f:../GauFilter.cpp,l:73,c:9                         
                                                                                                                  
                      30 (28:TRUE)     --              FALSE  f:../GauFilter.cpp,l:73,c:9                         
                                                                                                                  
                      30 (28:TRUE)     --              FALSE  f:../GauFilter.cpp,l:73,c:9                         
                                                                                                                  
f:../GauFilter.cpp,l  30 (28:TRUE)     --              FALSE  & c:29                                              
                                                                                                                  
rgb_output            30 (28:TRUE)     --              FALSE  ../GauFilter.cpp,l:78,c:22 -> l:81,c:3              
                                                                                                                  
f:../GauFilter.cpp,l  32 (30:FALSE)    --              FALSE  & c:30                                              
                                                                                                                  
o_result.data.put::n  37 (35:FALSE)    --              FALSE  @(f:../GauFilter.h,l:22,c:38->f:/usr/cadtool/caden  
                                                                                                                  
o_result              37 (35:FALSE)    --              FALSE  ../GauFilter.h,l:22,c:38                            
                                                                                                                  
o_result.m_req.m_tri  37 (35:FALSE)    --              FALSE  @(f:../GauFilter.h,l:22,c:38->f:/usr/cadtool/caden  
                                                                                                                  
o_result              39 (37:TRUE)     --              FALSE  ../GauFilter.h,l:22,c:38                            
                                                                                                                  
do_filter::put        39 (37:TRUE)     --              FALSE  ../GauFilter.cpp,l:35,c:17 mapped                   
                                                                                                                  
                                                                                                                  
Scheduler report for : gen_stalling                                                                               
-----------------------------------                                                                                            
                                                                                                                  
Op                    SID(BB;Clocked)  Pipeline Stage  IS     SRCLOC                                              
--                    ---------------  --------------  --     ------                                              
                                                                                                                  
o_result.gen_stallin  5 (4:TRUE)       --              FALSE  ../GauFilter.h,l:22,c:38                            
                                                                                                                  
o_result.gen_stallin  6 (5:FALSE)      --              FALSE  ../GauFilter.h,l:22,c:38                            
                                                                                                                  
o_result.gen_stallin  6 (5:FALSE)      --              FALSE  ../GauFilter.h,l:22,c:38                            
                                                                                                                  
o_result.gen_stallin  6 (5:FALSE)      --              FALSE  ../GauFilter.h,l:22,c:38                            
                                                                                                                  
                                                                                                                  
Scheduler report for : gen_unacked_req                                                                            
--------------------------------------                                                                                            
                                                                                                                  
Op                    SID(BB;Clocked)  Pipeline Stage  IS     SRCLOC                                              
--                    ---------------  --------------  --     ------                                              
                                                                                                                  
o_result.gen_unacked  6 (5:FALSE)      --              FALSE  ../GauFilter.h,l:22,c:38                            
                                                                                                                  
o_result.gen_unacked  12 (11:FALSE)    --              FALSE  ../GauFilter.h,l:22,c:38                            
                                                                                                                  
o_result.gen_unacked  12 (11:FALSE)    --              FALSE  ../GauFilter.h,l:22,c:38                            
                                                                                                                  
                                                                                                                  
Scheduler report for : gen_do_reg_vld_2                                                                           
---------------------------------------                                                                                            
                                                                                                                  
Op                    SID(BB;Clocked)  Pipeline Stage  IS     SRCLOC                                              
--                    ---------------  --------------  --     ------                                              
                                                                                                                  
i_b.gen_do_reg_vld    8 (7:FALSE)      --              FALSE  ../GauFilter.h,l:21,c:36                            
                                                                                                                  
i_b                   10 (9:FALSE)     --              FALSE  ../GauFilter.h,l:21,c:36                            
                                                                                                                  
i_b.gen_do_reg_vld    11 (10:TRUE)     --              FALSE  ../GauFilter.h,l:21,c:36                            
                                                                                                                  
i_b.gen_do_reg_vld    14 (13:FALSE)    --              FALSE  ../GauFilter.h,l:21,c:36                            
                                                                                                                  
i_b.gen_do_reg_vld    14 (13:FALSE)    --              FALSE  ../GauFilter.h,l:21,c:36                            
                                                                                                                  
i_b.gen_do_reg_vld::  14 (13:FALSE)    --              FALSE  ../GauFilter.h,l:21,c:36                            
                                                                                                                  
i_b.gen_do_reg_vld    14 (13:FALSE)    --              FALSE  ../GauFilter.h,l:21,c:36                            
                                                                                                                  
                                                                                                                  
Scheduler report for : gen_busy_0                                                                                 
---------------------------------                                                                                            
                                                                                                                  
Op                    SID(BB;Clocked)  Pipeline Stage  IS     SRCLOC                                              
--                    ---------------  --------------  --     ------                                              
                                                                                                                  
i_r.gen_busy::use_vl  7 (6:FALSE)      --              FALSE  ../GauFilter.h,l:19,c:36                            
                                                                                                                  
i_r.gen_busy          7 (6:FALSE)      --              FALSE  ../GauFilter.h,l:19,c:36                            
                                                                                                                  
i_r.gen_busy          7 (6:FALSE)      --              FALSE  ../GauFilter.h,l:19,c:36                            
                                                                                                                  
i_r.gen_busy          7 (6:FALSE)      --              FALSE  ../GauFilter.h,l:19,c:36                            
                                                                                                                  
i_r.gen_busy          7 (6:FALSE)      --              FALSE  ../GauFilter.h,l:19,c:36                            
                                                                                                                  
i_r.gen_busy          7 (6:FALSE)      --              FALSE  ../GauFilter.h,l:19,c:36                            
                                                                                                                  
i_r.gen_busy          7 (6:FALSE)      --              FALSE  ../GauFilter.h,l:19,c:36                            
                                                                                                                  
i_r.gen_busy          8 (7:FALSE)      --              FALSE  ../GauFilter.h,l:19,c:36                            
                                                                                                                  
i_r.gen_busy          8 (7:FALSE)      --              FALSE  ../GauFilter.h,l:19,c:36                            
                                                                                                                  
i_r.gen_busy          8 (7:FALSE)      --              FALSE  ../GauFilter.h,l:19,c:36                            
                                                                                                                  
i_r.gen_busy          8 (7:FALSE)      --              FALSE  ../GauFilter.h,l:19,c:36                            
                                                                                                                  
                                                                                                                  
Scheduler report for : gen_busy_1                                                                                 
---------------------------------                                                                                            
                                                                                                                  
Op                    SID(BB;Clocked)  Pipeline Stage  IS     SRCLOC                                              
--                    ---------------  --------------  --     ------                                              
                                                                                                                  
i_g.gen_busy::use_vl  7 (6:FALSE)      --              FALSE  ../GauFilter.h,l:20,c:36                            
                                                                                                                  
i_g.gen_busy          7 (6:FALSE)      --              FALSE  ../GauFilter.h,l:20,c:36                            
                                                                                                                  
i_g.gen_busy          7 (6:FALSE)      --              FALSE  ../GauFilter.h,l:20,c:36                            
                                                                                                                  
i_g.gen_busy          7 (6:FALSE)      --              FALSE  ../GauFilter.h,l:20,c:36                            
                                                                                                                  
i_g.gen_busy          7 (6:FALSE)      --              FALSE  ../GauFilter.h,l:20,c:36                            
                                                                                                                  
i_g.gen_busy          7 (6:FALSE)      --              FALSE  ../GauFilter.h,l:20,c:36                            
                                                                                                                  
i_g.gen_busy          7 (6:FALSE)      --              FALSE  ../GauFilter.h,l:20,c:36                            
                                                                                                                  
i_g.gen_busy          8 (7:FALSE)      --              FALSE  ../GauFilter.h,l:20,c:36                            
                                                                                                                  
i_g.gen_busy          8 (7:FALSE)      --              FALSE  ../GauFilter.h,l:20,c:36                            
                                                                                                                  
i_g.gen_busy          8 (7:FALSE)      --              FALSE  ../GauFilter.h,l:20,c:36                            
                                                                                                                  
i_g.gen_busy          8 (7:FALSE)      --              FALSE  ../GauFilter.h,l:20,c:36                            
                                                                                                                  
                                                                                                                  
Scheduler report for : gen_busy_2                                                                                 
---------------------------------                                                                                            
                                                                                                                  
Op                    SID(BB;Clocked)  Pipeline Stage  IS     SRCLOC                                              
--                    ---------------  --------------  --     ------                                              
                                                                                                                  
i_b.gen_busy::use_vl  7 (6:FALSE)      --              FALSE  ../GauFilter.h,l:21,c:36                            
                                                                                                                  
i_b.gen_busy          7 (6:FALSE)      --              FALSE  ../GauFilter.h,l:21,c:36                            
                                                                                                                  
i_b.gen_busy          7 (6:FALSE)      --              FALSE  ../GauFilter.h,l:21,c:36                            
                                                                                                                  
i_b.gen_busy          7 (6:FALSE)      --              FALSE  ../GauFilter.h,l:21,c:36                            
                                                                                                                  
i_b.gen_busy          7 (6:FALSE)      --              FALSE  ../GauFilter.h,l:21,c:36                            
                                                                                                                  
i_b.gen_busy          7 (6:FALSE)      --              FALSE  ../GauFilter.h,l:21,c:36                            
                                                                                                                  
i_b.gen_busy          7 (6:FALSE)      --              FALSE  ../GauFilter.h,l:21,c:36                            
                                                                                                                  
i_b.gen_busy          8 (7:FALSE)      --              FALSE  ../GauFilter.h,l:21,c:36                            
                                                                                                                  
i_b.gen_busy          8 (7:FALSE)      --              FALSE  ../GauFilter.h,l:21,c:36                            
                                                                                                                  
i_b.gen_busy          8 (7:FALSE)      --              FALSE  ../GauFilter.h,l:21,c:36                            
                                                                                                                  
i_b.gen_busy          8 (7:FALSE)      --              FALSE  ../GauFilter.h,l:21,c:36                            
                                                                                                                  
                                                                                                                  
