=========================================================
Scheduler report file
Generated by stratus_hls 19.12-s100  (91710.131054)
On:          Mon Apr 26 03:10:46 2021
Project Dir: /home/m109/m109061634/EE6470/hw/ee6470_hw5/Gaussian_Blur_non_splitted/stratus
Module:      GauFilter
HLS Config:  BASIC
=========================================================
Scheduler report for : gen_prev_trig_reg                                                                          
----------------------------------------                                                                                            
                                                                                                                  
Op                    SID(BB;Clocked)  Pipeline Stage  IS     SRCLOC                                              
--                    ---------------  --------------  --     ------                                              
                                                                                                                  
o_result.m_req.gen_p  6 (5:FALSE)      --              FALSE  ../GauFilter.h,l:19,c:38                            
                                                                                                                  
o_result.m_req.gen_p  12 (11:FALSE)    --              FALSE  ../GauFilter.h,l:19,c:38                            
                                                                                                                  
o_result.m_req.gen_p  12 (11:FALSE)    --              FALSE  ../GauFilter.h,l:19,c:38                            
                                                                                                                  
                                                                                                                  
Scheduler report for : gen_active                                                                                 
---------------------------------                                                                                            
                                                                                                                  
Op                    SID(BB;Clocked)  Pipeline Stage  IS     SRCLOC                                              
--                    ---------------  --------------  --     ------                                              
                                                                                                                  
o_result.m_req.gen_a  4 (3:FALSE)      --              FALSE  ../GauFilter.h,l:19,c:38                            
                                                                                                                  
o_result.m_req.gen_a  4 (3:FALSE)      --              FALSE  ../GauFilter.h,l:19,c:38                            
                                                                                                                  
o_result.m_req.gen_a  4 (3:FALSE)      --              FALSE  ../GauFilter.h,l:19,c:38                            
                                                                                                                  
o_result.m_req.gen_a  4 (3:FALSE)      --              FALSE  ../GauFilter.h,l:19,c:38                            
                                                                                                                  
                                                                                                                  
Scheduler report for : gen_vld                                                                                    
------------------------------                                                                                            
                                                                                                                  
Op                    SID(BB;Clocked)  Pipeline Stage  IS     SRCLOC                                              
--                    ---------------  --------------  --     ------                                              
                                                                                                                  
o_result.gen_vld      4 (3:FALSE)      --              FALSE  ../GauFilter.h,l:19,c:38                            
                                                                                                                  
o_result.gen_vld      4 (3:FALSE)      --              FALSE  ../GauFilter.h,l:19,c:38                            
                                                                                                                  
o_result.gen_vld      4 (3:FALSE)      --              FALSE  ../GauFilter.h,l:19,c:38                            
                                                                                                                  
o_result.gen_vld      4 (3:FALSE)      --              FALSE  ../GauFilter.h,l:19,c:38                            
                                                                                                                  
                                                                                                                  
Scheduler report for : gen_next_trig_reg                                                                          
----------------------------------------                                                                                            
                                                                                                                  
Op                    SID(BB;Clocked)  Pipeline Stage  IS     SRCLOC                                              
--                    ---------------  --------------  --     ------                                              
                                                                                                                  
o_result.m_req.gen_n  3 (2:TRUE)       --              FALSE  ../GauFilter.h,l:19,c:38                            
                                                                                                                  
o_result.m_req.gen_n  3 (2:TRUE)       --              FALSE  ../GauFilter.h,l:19,c:38                            
                                                                                                                  
o_result.m_req.gen_n  3 (2:TRUE)       --              FALSE  ../GauFilter.h,l:19,c:38                            
                                                                                                                  
                                                                                                                  
Scheduler report for : gen_unvalidated_req                                                                        
------------------------------------------                                                                                            
                                                                                                                  
Op                    SID(BB;Clocked)  Pipeline Stage  IS     SRCLOC                                              
--                    ---------------  --------------  --     ------                                              
                                                                                                                  
i_rgb.gen_unvalidate  8 (7:FALSE)      --              FALSE  ../GauFilter.h,l:18,c:37                            
                                                                                                                  
i_rgb                 10 (9:FALSE)     --              FALSE  ../GauFilter.h,l:18,c:37                            
                                                                                                                  
i_rgb.gen_unvalidate  11 (10:TRUE)     --              FALSE  ../GauFilter.h,l:18,c:37                            
                                                                                                                  
i_rgb.gen_unvalidate  14 (13:FALSE)    --              FALSE  ../GauFilter.h,l:18,c:37                            
                                                                                                                  
i_rgb.gen_unvalidate  14 (13:FALSE)    --              FALSE  ../GauFilter.h,l:18,c:37                            
                                                                                                                  
i_rgb.gen_unvalidate  14 (13:FALSE)    --              FALSE  ../GauFilter.h,l:18,c:37                            
                                                                                                                  
i_rgb.gen_unvalidate  14 (13:FALSE)    --              FALSE  ../GauFilter.h,l:18,c:37                            
                                                                                                                  
                                                                                                                  
Scheduler report for : gen_do_stall_reg_full                                                                      
--------------------------------------------                                                                                            
                                                                                                                  
Op                    SID(BB;Clocked)  Pipeline Stage  IS     SRCLOC                                              
--                    ---------------  --------------  --     ------                                              
                                                                                                                  
i_rgb.gen_do_stall_r  6 (5:FALSE)      --              FALSE  ../GauFilter.h,l:18,c:37                            
                                                                                                                  
i_rgb.gen_do_stall_r  12 (11:FALSE)    --              FALSE  ../GauFilter.h,l:18,c:37                            
                                                                                                                  
i_rgb.gen_do_stall_r  12 (11:FALSE)    --              FALSE  ../GauFilter.h,l:18,c:37                            
                                                                                                                  
i_rgb.gen_do_stall_r  12 (11:FALSE)    --              FALSE  ../GauFilter.h,l:18,c:37                            
                                                                                                                  
i_rgb.gen_do_stall_r  12 (11:FALSE)    --              FALSE  ../GauFilter.h,l:18,c:37                            
                                                                                                                  
                                                                                                                  
Scheduler report for : do_filter                                                                                  
--------------------------------                                                                                            
                                                                                                                  
Op                    SID(BB;Clocked)  Pipeline Stage  IS     SRCLOC                                              
--                    ---------------  --------------  --     ------                                              
                                                                                                                  
val[2]                1 (0:FALSE)      --              FALSE  ../GauFilter.h,l:30,c:22 -> i:2                     
                                                                                                                  
val[1]                1 (0:FALSE)      --              FALSE  ../GauFilter.h,l:30,c:22 -> i:1                     
                                                                                                                  
val[0]                1 (0:FALSE)      --              FALSE  ../GauFilter.h,l:30,c:22 -> i:0                     
                                                                                                                  
i_rgb.m_busy_req_0.r  3 (2:FALSE)      --              FALSE  @(f:../GauFilter.h,l:18,c:37->f:/usr/cadtool/caden  
                                                                                                                  
i_rgb.m_stalling.res  3 (2:FALSE)      --              FALSE  @(f:../GauFilter.h,l:18,c:37->f:/usr/cadtool/caden  
                                                                                                                  
o_result.m_req.m_tri  3 (2:FALSE)      --              FALSE  @(f:../GauFilter.h,l:19,c:38->f:/usr/cadtool/caden  
                                                                                                                  
val[2]                5 (4:FALSE)      --              FALSE  @(f:../GauFilter.h,l:30,c:22->i:2)                  
                                                                                                                  
val[1]                5 (4:FALSE)      --              FALSE  @(f:../GauFilter.h,l:30,c:22->i:1)                  
                                                                                                                  
val[0]                5 (4:FALSE)      --              FALSE  @(f:../GauFilter.h,l:30,c:22->i:0)                  
                                                                                                                  
mask                  5 (4:FALSE)      --              FALSE  ../GauFilter.cpp,l:28,c:25 -> l:40,c:2              
                                                                                                                  
i                     5 (4:FALSE)      --              FALSE  ../GauFilter.cpp,l:41,c:21 -> c:23                  
                                                                                                                  
v                     5 (4:FALSE)      --              FALSE  ../GauFilter.cpp,l:45,c:21 -> c:23                  
                                                                                                                  
val[2]                6 (5:FALSE)      --              FALSE  @(f:../GauFilter.h,l:30,c:22->i:2)                  
                                                                                                                  
val[1]                6 (5:FALSE)      --              FALSE  @(f:../GauFilter.h,l:30,c:22->i:1)                  
                                                                                                                  
val[0]                6 (5:FALSE)      --              FALSE  @(f:../GauFilter.h,l:30,c:22->i:0)                  
                                                                                                                  
i                     6 (5:FALSE)      --              FALSE  ../GauFilter.cpp,l:41,c:21 -> c:40                  
                                                                                                                  
                      6 (5:FALSE)      --              FALSE  f:../GauFilter.cpp,l:41,c:38                        
                                                                                                                  
                      6 (5:FALSE)      --              FALSE  f:../GauFilter.cpp,l:41,c:29                        
                                                                                                                  
                      6 (5:FALSE)      --              FALSE  f:../GauFilter.cpp,l:43,c:7                         
                                                                                                                  
                      6 (5:FALSE)      --              FALSE  f:../GauFilter.cpp,l:43,c:7                         
                                                                                                                  
                      6 (5:FALSE)      --              FALSE  f:../GauFilter.cpp,l:43,c:7                         
                                                                                                                  
f:../GauFilter.cpp,l  6 (5:FALSE)      --              FALSE  & c:7                                               
                                                                                                                  
f:../GauFilter.cpp,l  6 (5:FALSE)      --              FALSE  & c:7                                               
                                                                                                                  
f:../GauFilter.cpp,l  6 (5:FALSE)      --              FALSE  & c:7                                               
                                                                                                                  
u                     9 (8:FALSE)      --              FALSE  ../GauFilter.cpp,l:46,c:22 -> c:24                  
                                                                                                                  
val[2]                9 (8:FALSE)      --              FALSE  @(f:../GauFilter.h,l:30,c:22->i:2)                  
                                                                                                                  
val[1]                9 (8:FALSE)      --              FALSE  @(f:../GauFilter.h,l:30,c:22->i:1)                  
                                                                                                                  
val[0]                9 (8:FALSE)      --              FALSE  @(f:../GauFilter.h,l:30,c:22->i:0)                  
                                                                                                                  
v                     9 (8:FALSE)      --              FALSE  ../GauFilter.cpp,l:45,c:21 -> c:40                  
                                                                                                                  
mask                  9 (8:FALSE)      --              FALSE  ../GauFilter.cpp,l:28,c:25 -> l:45,c:3              
                                                                                                                  
val[2]                10 (9:FALSE)     --              FALSE  @(f:../GauFilter.h,l:30,c:22->i:2)                  
                                                                                                                  
val[1]                10 (9:FALSE)     --              FALSE  @(f:../GauFilter.h,l:30,c:22->i:1)                  
                                                                                                                  
val[0]                10 (9:FALSE)     --              FALSE  @(f:../GauFilter.h,l:30,c:22->i:0)                  
                                                                                                                  
u                     10 (9:FALSE)     --              FALSE  ../GauFilter.cpp,l:46,c:22 -> c:41                  
                                                                                                                  
mask                  10 (9:FALSE)     --              FALSE  ../GauFilter.cpp,l:28,c:25 -> l:46,c:4              
                                                                                                                  
i_rgb.m_busy_req_0.g  11 (10:FALSE)    --              FALSE  @(f:../GauFilter.h,l:18,c:37->f:/usr/cadtool/caden  
                                                                                                                  
i_rgb                 13 (12:TRUE)     --              FALSE  ../GauFilter.h,l:18,c:37                            
                                                                                                                  
do_filter::get        13 (12:TRUE)     --              FALSE  ../GauFilter.cpp,l:31,c:17 mapped                   
                                                                                                                  
                      13 (12:TRUE)     --              FALSE  f:../GauFilter.cpp,l:45,c:38                        
                                                                                                                  
i_rgb.m_busy_req_0.g  14 (13:FALSE)    --              FALSE  @(f:../GauFilter.h,l:18,c:37->f:/usr/cadtool/caden  
                                                                                                                  
                      16 (15:FALSE)    --              FALSE  f:../GauFilter.cpp,l:46,c:39                        
                                                                                                                  
mask                  16 (15:FALSE)    --              FALSE  ../GauFilter.cpp,l:28,c:25 -> l:63,c:32             
                                                                                                                  
i_rgb.data.get::nb_g  16 (15:FALSE)    --              FALSE  @(f:../GauFilter.h,l:18,c:37->f:/usr/cadtool/caden  
                                                                                                                  
RGB[0]                16 (15:FALSE)    --              FALSE  @(f:../GauFilter.h,l:31,c:20->i:0)                  
                                                                                                                  
RGB[1]                16 (15:FALSE)    --              FALSE  @(f:../GauFilter.h,l:31,c:20->i:1)                  
                                                                                                                  
RGB[2]                16 (15:FALSE)    --              FALSE  @(f:../GauFilter.h,l:31,c:20->i:2)                  
                                                                                                                  
i                     17 (16:TRUE)     --              FALSE  ../GauFilter.cpp,l:61,c:23 -> c:25                  
                                                                                                                  
mask                  17 (16:TRUE)     --              FALSE  ../GauFilter.cpp,l:28,c:25 -> l:63,c:32             
                                                                                                                  
val[2]                19 (18:FALSE)    --              FALSE  @(f:../GauFilter.h,l:30,c:22->i:2)                  
                                                                                                                  
val[1]                19 (18:FALSE)    --              FALSE  @(f:../GauFilter.h,l:30,c:22->i:1)                  
                                                                                                                  
val[0]                19 (18:FALSE)    --              FALSE  @(f:../GauFilter.h,l:30,c:22->i:0)                  
                                                                                                                  
i                     19 (18:FALSE)    --              FALSE  ../GauFilter.cpp,l:61,c:23 -> c:45                  
                                                                                                                  
mask                  19 (18:FALSE)    --              FALSE  ../GauFilter.cpp,l:28,c:25 -> l:63,c:32             
                                                                                                                  
                      19 (18:FALSE)    --              FALSE  f:../GauFilter.cpp,l:63,c:19                        
                                                                                                                  
                      20 (18:TRUE)     --              FALSE  f:../GauFilter.cpp,l:63,c:9                         
                                                                                                                  
                      20 (18:TRUE)     --              FALSE  f:../GauFilter.cpp,l:63,c:9                         
                                                                                                                  
                      20 (18:TRUE)     --              FALSE  f:../GauFilter.cpp,l:63,c:9                         
                                                                                                                  
                      20 (18:TRUE)     --              FALSE  f:../GauFilter.cpp,l:61,c:43                        
                                                                                                                  
                      20 (18:TRUE)     --              FALSE  f:../GauFilter.cpp,l:63,c:19                        
                                                                                                                  
                      20 (18:TRUE)     --              FALSE  f:../GauFilter.cpp,l:63,c:9                         
                                                                                                                  
mask                  20 (18:TRUE)     --              FALSE  ../GauFilter.cpp,l:28,c:25 -> l:63,c:32             
                                                                                                                  
                      20 (18:TRUE)     --              FALSE  f:../GauFilter.cpp,l:63,c:23                        
                                                                                                                  
operator+=            20 (18:TRUE)     --              FALSE  ../GauFilter.cpp,l:63,c:13                          
                                                                                                                  
                      20 (18:TRUE)     --              FALSE  f:../GauFilter.cpp,l:63,c:9                         
                                                                                                                  
                      20 (18:TRUE)     --              FALSE  f:../GauFilter.cpp,l:63,c:9                         
                                                                                                                  
                      20 (18:TRUE)     --              FALSE  f:../GauFilter.cpp,l:63,c:9                         
                                                                                                                  
                      20 (18:TRUE)     --              FALSE  f:../GauFilter.cpp,l:45,c:29                        
                                                                                                                  
rgb_output            20 (18:TRUE)     --              FALSE  ../GauFilter.cpp,l:68,c:22 -> l:71,c:3              
                                                                                                                  
                      22 (20:FALSE)    --              FALSE  f:../GauFilter.cpp,l:46,c:30                        
                                                                                                                  
o_result.data.put::n  27 (25:FALSE)    --              FALSE  @(f:../GauFilter.h,l:19,c:38->f:/usr/cadtool/caden  
                                                                                                                  
o_result              27 (25:FALSE)    --              FALSE  ../GauFilter.h,l:19,c:38                            
                                                                                                                  
o_result.m_req.m_tri  27 (25:FALSE)    --              FALSE  @(f:../GauFilter.h,l:19,c:38->f:/usr/cadtool/caden  
                                                                                                                  
o_result              29 (27:TRUE)     --              FALSE  ../GauFilter.h,l:19,c:38                            
                                                                                                                  
do_filter::put        29 (27:TRUE)     --              FALSE  ../GauFilter.cpp,l:31,c:17 mapped                   
                                                                                                                  
                                                                                                                  
Scheduler report for : gen_stalling                                                                               
-----------------------------------                                                                                            
                                                                                                                  
Op                    SID(BB;Clocked)  Pipeline Stage  IS     SRCLOC                                              
--                    ---------------  --------------  --     ------                                              
                                                                                                                  
o_result.gen_stallin  5 (4:TRUE)       --              FALSE  ../GauFilter.h,l:19,c:38                            
                                                                                                                  
o_result.gen_stallin  6 (5:FALSE)      --              FALSE  ../GauFilter.h,l:19,c:38                            
                                                                                                                  
o_result.gen_stallin  6 (5:FALSE)      --              FALSE  ../GauFilter.h,l:19,c:38                            
                                                                                                                  
o_result.gen_stallin  6 (5:FALSE)      --              FALSE  ../GauFilter.h,l:19,c:38                            
                                                                                                                  
                                                                                                                  
Scheduler report for : gen_unacked_req                                                                            
--------------------------------------                                                                                            
                                                                                                                  
Op                    SID(BB;Clocked)  Pipeline Stage  IS     SRCLOC                                              
--                    ---------------  --------------  --     ------                                              
                                                                                                                  
o_result.gen_unacked  6 (5:FALSE)      --              FALSE  ../GauFilter.h,l:19,c:38                            
                                                                                                                  
o_result.gen_unacked  12 (11:FALSE)    --              FALSE  ../GauFilter.h,l:19,c:38                            
                                                                                                                  
o_result.gen_unacked  12 (11:FALSE)    --              FALSE  ../GauFilter.h,l:19,c:38                            
                                                                                                                  
                                                                                                                  
Scheduler report for : gen_do_reg_vld                                                                             
-------------------------------------                                                                                            
                                                                                                                  
Op                    SID(BB;Clocked)  Pipeline Stage  IS     SRCLOC                                              
--                    ---------------  --------------  --     ------                                              
                                                                                                                  
i_rgb.gen_do_reg_vld  8 (7:FALSE)      --              FALSE  ../GauFilter.h,l:18,c:37                            
                                                                                                                  
i_rgb                 10 (9:FALSE)     --              FALSE  ../GauFilter.h,l:18,c:37                            
                                                                                                                  
i_rgb.gen_do_reg_vld  11 (10:TRUE)     --              FALSE  ../GauFilter.h,l:18,c:37                            
                                                                                                                  
i_rgb.gen_do_reg_vld  14 (13:FALSE)    --              FALSE  ../GauFilter.h,l:18,c:37                            
                                                                                                                  
i_rgb.gen_do_reg_vld  14 (13:FALSE)    --              FALSE  ../GauFilter.h,l:18,c:37                            
                                                                                                                  
i_rgb.gen_do_reg_vld  14 (13:FALSE)    --              FALSE  ../GauFilter.h,l:18,c:37                            
                                                                                                                  
i_rgb.gen_do_reg_vld  14 (13:FALSE)    --              FALSE  ../GauFilter.h,l:18,c:37                            
                                                                                                                  
                                                                                                                  
Scheduler report for : gen_busy                                                                                   
-------------------------------                                                                                            
                                                                                                                  
Op                    SID(BB;Clocked)  Pipeline Stage  IS     SRCLOC                                              
--                    ---------------  --------------  --     ------                                              
                                                                                                                  
i_rgb.gen_busy::use_  7 (6:FALSE)      --              FALSE  ../GauFilter.h,l:18,c:37                            
                                                                                                                  
i_rgb.gen_busy        7 (6:FALSE)      --              FALSE  ../GauFilter.h,l:18,c:37                            
                                                                                                                  
i_rgb.gen_busy        7 (6:FALSE)      --              FALSE  ../GauFilter.h,l:18,c:37                            
                                                                                                                  
i_rgb.gen_busy        7 (6:FALSE)      --              FALSE  ../GauFilter.h,l:18,c:37                            
                                                                                                                  
i_rgb.gen_busy        7 (6:FALSE)      --              FALSE  ../GauFilter.h,l:18,c:37                            
                                                                                                                  
i_rgb.gen_busy        7 (6:FALSE)      --              FALSE  ../GauFilter.h,l:18,c:37                            
                                                                                                                  
i_rgb.gen_busy        7 (6:FALSE)      --              FALSE  ../GauFilter.h,l:18,c:37                            
                                                                                                                  
i_rgb.gen_busy        8 (7:FALSE)      --              FALSE  ../GauFilter.h,l:18,c:37                            
                                                                                                                  
i_rgb.gen_busy        8 (7:FALSE)      --              FALSE  ../GauFilter.h,l:18,c:37                            
                                                                                                                  
i_rgb.gen_busy        8 (7:FALSE)      --              FALSE  ../GauFilter.h,l:18,c:37                            
                                                                                                                  
i_rgb.gen_busy        8 (7:FALSE)      --              FALSE  ../GauFilter.h,l:18,c:37                            
                                                                                                                  
                                                                                                                  
