irun(64): 15.20-s039: (c) Copyright 1995-2017 Cadence Design Systems, Inc.
TOOL:	irun(64)	15.20-s039: Started on Apr 26, 2021 at 03:11:03 CST
irun
	+nc64bit
	+incdir+/usr/cadtool/cadence/STRATUS/cur/tools.lnx86/stratus/lib
	+incdir+bdw_work/wrappers
	+access+rw
	+loadpli1=/usr/cadtool/cadence/STRATUS/cur/tools.lnx86/stratus/lib/64bit/ncvlog_ssl:ssl_bootstrap
	+ncinput+bdw_work/sims/V_BASIC/ncverilog.do
	+nclibdirname+bdw_work/sims/V_BASIC
	-f bdw_work/sims/V_BASIC/siminfo
		bdw_work/sims/top_V_BASIC.v
		bdw_work/wrappers/GauFilter_cosim.v
		bdw_work/modules/GauFilter/BASIC/GauFilter_rtl.v
		bdw_work/modules/GauFilter/BASIC/v_rtl/GauFilter_ROM_9X8_mask.v
	+libext+.v
	+define+ioConfig
	+define+BDW_RTL_GauFilter_BASIC
	+nowarn+LIBNOU
	+hubSetOption+libdef=bdw_work/sims/V_BASIC/sim_V_BASIC.so,argv=../lena_std_short.bmp%out.bmp
	+hubSetOption+bdr=bdw_work/sims/V_BASIC/sim.bdr
	-l bdw_work/sims/V_BASIC/bdw_sim_verilog.log

   User defined plus("+") options:
	+hubSetOption+libdef=bdw_work/sims/V_BASIC/sim_V_BASIC.so,argv=../lena_std_short.bmp%out.bmp
	+hubSetOption+bdr=bdw_work/sims/V_BASIC/sim.bdr

file: bdw_work/sims/top_V_BASIC.v
	module worklib.top:v
		errors: 0, warnings: 0
file: bdw_work/wrappers/GauFilter_cosim.v
	module worklib.GauFilter_cosim:v
		errors: 0, warnings: 0
file: bdw_work/modules/GauFilter/BASIC/GauFilter_rtl.v
	module worklib.GauFilter:v
		errors: 0, warnings: 0
file: bdw_work/modules/GauFilter/BASIC/v_rtl/GauFilter_ROM_9X8_mask.v
	module worklib.GauFilter_ROM_9X8_mask:v
		errors: 0, warnings: 0
ncvlog: *W,SPDUSD: Include directory bdw_work/wrappers given but not used.
	Total errors/warnings found outside modules and primitives:
		errors: 0, warnings: 1
*** Registering Hub PLI1.0 Interface***
		Caching library 'worklib' ....... Done
	Elaborating the design hierarchy:
	Top level design units:
		top
	Building instance overlay tables: ....................
            $readmemh("bdw_work/modules/GauFilter/BASIC/GauFilter_ROM_9X8_mask_0.memh", mask);
                                                                                           |
ncelab: *W,MEMODR (./bdw_work/modules/GauFilter/BASIC/v_rtl/GauFilter_ROM_9X8_mask.v,17|91): $readmem default memory order incompatible with IEEE1364.
 Done
	Generating native compiled code:
		worklib.GauFilter:v <0x22b1a6cb>
			streams:  65, words: 22781
		worklib.GauFilter_ROM_9X8_mask:v <0x0b533b08>
			streams:   3, words:   935
		worklib.top:v <0x5da861fa>
			streams: 114, words: 98503
	Building instance specific data structures.
	Loading native compiled code:     .................... Done
	Design hierarchy summary:
		                 Instances  Unique
		Modules:                 4       4
		Registers:             161     161
		Scalar wires:           21       -
		Vectored wires:         14       -
		Always blocks:          45      45
		Initial blocks:          8       8
		Cont. assignments:      18      27
		Pseudo assignments:      6       6
		Simulation timescale:  1ps
	Writing initial simulation snapshot: worklib.top:v
Loading snapshot worklib.top:v .................... Done
*Verdi* Loading libsscore_ius152.so
*** Registering Hub PLI1.0 Interface***
ncsim> source /usr/cad/cadence/INCISIV/cur/tools/inca/files/ncsimrc
ncsim> 
ncsim> run
NOTE: Cadence Design Systems Hub Simulation Platform : version 19.12-s100
Simulation stopped via $stop(1) at time 32112695100 PS + 0
./bdw_work/sims/top_V_BASIC.v:63 		#100 $stop;
ncsim> quit
TOOL:	irun(64)	15.20-s039: Exiting on Apr 26, 2021 at 03:13:16 CST  (total: 00:02:13)
